This is pdfTeX, Version 3.141592653-2.6-1.40.25 (TeX Live 2023) (preloaded format=pdflatex 2023.6.13)  26 JUN 2023 14:17
entering extended mode
 restricted \write18 enabled.
 file:line:error style messages enabled.
 %&-line parsing enabled.
**/Users/angel/practicas/articulo/articulo.tex
(/Users/angel/practicas/articulo/articulo.tex
LaTeX2e <2022-11-01> patch level 1
L3 programming layer <2023-02-22> (/usr/local/texlive/2023/texmf-dist/tex/latex/base/article.cls
Document Class: article 2022/07/02 v1.4n Standard LaTeX document class
(/usr/local/texlive/2023/texmf-dist/tex/latex/base/size10.clo
File: size10.clo 2022/07/02 v1.4n Standard LaTeX file (size option)
)
\c@part=\count185
\c@section=\count186
\c@subsection=\count187
\c@subsubsection=\count188
\c@paragraph=\count189
\c@subparagraph=\count190
\c@figure=\count191
\c@table=\count192
\abovecaptionskip=\skip48
\belowcaptionskip=\skip49
\bibindent=\dimen140
) (/usr/local/texlive/2023/texmf-dist/tex/latex/base/inputenc.sty
Package: inputenc 2021/02/14 v1.3d Input encoding file
\inpenc@prehook=\toks16
\inpenc@posthook=\toks17
) (/usr/local/texlive/2023/texmf-dist/tex/latex/hyperref/hyperref.sty
Package: hyperref 2023-02-07 v7.00v Hypertext links for LaTeX
 (/usr/local/texlive/2023/texmf-dist/tex/generic/ltxcmds/ltxcmds.sty
Package: ltxcmds 2020-05-10 v1.25 LaTeX kernel commands for general use (HO)
) (/usr/local/texlive/2023/texmf-dist/tex/generic/iftex/iftex.sty
Package: iftex 2022/02/03 v1.0f TeX engine tests
) (/usr/local/texlive/2023/texmf-dist/tex/generic/pdftexcmds/pdftexcmds.sty
Package: pdftexcmds 2020-06-27 v0.33 Utility functions of pdfTeX for LuaTeX (HO)
 (/usr/local/texlive/2023/texmf-dist/tex/generic/infwarerr/infwarerr.sty
Package: infwarerr 2019/12/03 v1.5 Providing info/warning/error messages (HO)
)
Package pdftexcmds Info: \pdf@primitive is available.
Package pdftexcmds Info: \pdf@ifprimitive is available.
Package pdftexcmds Info: \pdfdraftmode found.
) (/usr/local/texlive/2023/texmf-dist/tex/latex/graphics/keyval.sty
Package: keyval 2022/05/29 v1.15 key=value parser (DPC)
\KV@toks@=\toks18
) (/usr/local/texlive/2023/texmf-dist/tex/latex/kvsetkeys/kvsetkeys.sty
Package: kvsetkeys 2022-10-05 v1.19 Key value parser (HO)
) (/usr/local/texlive/2023/texmf-dist/tex/generic/kvdefinekeys/kvdefinekeys.sty
Package: kvdefinekeys 2019-12-19 v1.6 Define keys (HO)
) (/usr/local/texlive/2023/texmf-dist/tex/generic/pdfescape/pdfescape.sty
Package: pdfescape 2019/12/09 v1.15 Implements pdfTeX's escape features (HO)
) (/usr/local/texlive/2023/texmf-dist/tex/latex/hycolor/hycolor.sty
Package: hycolor 2020-01-27 v1.10 Color options for hyperref/bookmark (HO)
) (/usr/local/texlive/2023/texmf-dist/tex/latex/letltxmacro/letltxmacro.sty
Package: letltxmacro 2019/12/03 v1.6 Let assignment for LaTeX macros (HO)
) (/usr/local/texlive/2023/texmf-dist/tex/latex/auxhook/auxhook.sty
Package: auxhook 2019-12-17 v1.6 Hooks for auxiliary files (HO)
) (/usr/local/texlive/2023/texmf-dist/tex/latex/hyperref/nameref.sty
Package: nameref 2022-05-17 v2.50 Cross-referencing by name of section
 (/usr/local/texlive/2023/texmf-dist/tex/latex/refcount/refcount.sty
Package: refcount 2019/12/15 v3.6 Data extraction from label references (HO)
) (/usr/local/texlive/2023/texmf-dist/tex/generic/gettitlestring/gettitlestring.sty
Package: gettitlestring 2019/12/15 v1.6 Cleanup title references (HO)
 (/usr/local/texlive/2023/texmf-dist/tex/latex/kvoptions/kvoptions.sty
Package: kvoptions 2022-06-15 v3.15 Key value format for package options (HO)
))
\c@section@level=\count193
)
\@linkdim=\dimen141
\Hy@linkcounter=\count194
\Hy@pagecounter=\count195
 (/usr/local/texlive/2023/texmf-dist/tex/latex/hyperref/pd1enc.def
File: pd1enc.def 2023-02-07 v7.00v Hyperref: PDFDocEncoding definition (HO)
Now handling font encoding PD1 ...
... no UTF-8 mapping file for font encoding PD1
) (/usr/local/texlive/2023/texmf-dist/tex/generic/intcalc/intcalc.sty
Package: intcalc 2019/12/15 v1.3 Expandable calculations with integers (HO)
) (/usr/local/texlive/2023/texmf-dist/tex/generic/etexcmds/etexcmds.sty
Package: etexcmds 2019/12/15 v1.7 Avoid name clashes with e-TeX commands (HO)
)
\Hy@SavedSpaceFactor=\count196
 (/usr/local/texlive/2023/texmf-dist/tex/latex/hyperref/puenc.def
File: puenc.def 2023-02-07 v7.00v Hyperref: PDF Unicode definition (HO)
Now handling font encoding PU ...
... no UTF-8 mapping file for font encoding PU
)
Package hyperref Info: Hyper figures OFF on input line 4177.
Package hyperref Info: Link nesting OFF on input line 4182.
Package hyperref Info: Hyper index ON on input line 4185.
Package hyperref Info: Plain pages OFF on input line 4192.
Package hyperref Info: Backreferencing OFF on input line 4197.
Package hyperref Info: Implicit mode ON; LaTeX internals redefined.
Package hyperref Info: Bookmarks ON on input line 4425.
\c@Hy@tempcnt=\count197
 (/usr/local/texlive/2023/texmf-dist/tex/latex/url/url.sty
\Urlmuskip=\muskip16
Package: url 2013/09/16  ver 3.4  Verb mode for urls, etc.
)
LaTeX Info: Redefining \url on input line 4763.
\XeTeXLinkMargin=\dimen142
 (/usr/local/texlive/2023/texmf-dist/tex/generic/bitset/bitset.sty
Package: bitset 2019/12/09 v1.3 Handle bit-vector datatype (HO)
 (/usr/local/texlive/2023/texmf-dist/tex/generic/bigintcalc/bigintcalc.sty
Package: bigintcalc 2019/12/15 v1.5 Expandable calculations on big integers (HO)
))
\Fld@menulength=\count198
\Field@Width=\dimen143
\Fld@charsize=\dimen144
Package hyperref Info: Hyper figures OFF on input line 6042.
Package hyperref Info: Link nesting OFF on input line 6047.
Package hyperref Info: Hyper index ON on input line 6050.
Package hyperref Info: backreferencing OFF on input line 6057.
Package hyperref Info: Link coloring OFF on input line 6062.
Package hyperref Info: Link coloring with OCG OFF on input line 6067.
Package hyperref Info: PDF/A mode OFF on input line 6072.
 (/usr/local/texlive/2023/texmf-dist/tex/latex/base/atbegshi-ltx.sty
Package: atbegshi-ltx 2021/01/10 v1.0c Emulation of the original atbegshi
package with kernel methods
)
\Hy@abspage=\count199
\c@Item=\count266
\c@Hfootnote=\count267
)
Package hyperref Info: Driver (autodetected): hpdftex.
 (/usr/local/texlive/2023/texmf-dist/tex/latex/hyperref/hpdftex.def
File: hpdftex.def 2023-02-07 v7.00v Hyperref driver for pdfTeX
 (/usr/local/texlive/2023/texmf-dist/tex/latex/base/atveryend-ltx.sty
Package: atveryend-ltx 2020/08/19 v1.0a Emulation of the original atveryend package
with kernel methods
)
\Fld@listcount=\count268
\c@bookmark@seq@number=\count269
 (/usr/local/texlive/2023/texmf-dist/tex/latex/rerunfilecheck/rerunfilecheck.sty
Package: rerunfilecheck 2022-07-10 v1.10 Rerun checks for auxiliary files (HO)
 (/usr/local/texlive/2023/texmf-dist/tex/generic/uniquecounter/uniquecounter.sty
Package: uniquecounter 2019/12/15 v1.4 Provide unlimited unique counter (HO)
)
Package uniquecounter Info: New unique counter `rerunfilecheck' on input line 285.
)
\Hy@SectionHShift=\skip50
) (/usr/local/texlive/2023/texmf-dist/tex/latex/listings/listings.sty
\lst@mode=\count270
\lst@gtempboxa=\box51
\lst@token=\toks19
\lst@length=\count271
\lst@currlwidth=\dimen145
\lst@column=\count272
\lst@pos=\count273
\lst@lostspace=\dimen146
\lst@width=\dimen147
\lst@newlines=\count274
\lst@lineno=\count275
\lst@maxwidth=\dimen148
 (/usr/local/texlive/2023/texmf-dist/tex/latex/listings/lstmisc.sty
File: lstmisc.sty 2023/02/27 1.9 (Carsten Heinz)
\c@lstnumber=\count276
\lst@skipnumbers=\count277
\lst@framebox=\box52
) (/usr/local/texlive/2023/texmf-dist/tex/latex/listings/listings.cfg
File: listings.cfg 2023/02/27 1.9 listings configuration
))
Package: listings 2023/02/27 1.9 (Carsten Heinz)
 (/usr/local/texlive/2023/texmf-dist/tex/latex/wrapfig/wrapfig.sty
\wrapoverhang=\dimen149
\WF@size=\dimen150
\c@WF@wrappedlines=\count278
\WF@box=\box53
\WF@everypar=\toks20
Package: wrapfig 2003/01/31  v 3.6
) (/usr/local/texlive/2023/texmf-dist/tex/latex/graphics/graphicx.sty
Package: graphicx 2021/09/16 v1.2d Enhanced LaTeX Graphics (DPC,SPQR)
 (/usr/local/texlive/2023/texmf-dist/tex/latex/graphics/graphics.sty
Package: graphics 2022/03/10 v1.4e Standard LaTeX Graphics (DPC,SPQR)
 (/usr/local/texlive/2023/texmf-dist/tex/latex/graphics/trig.sty
Package: trig 2021/08/11 v1.11 sin cos tan (DPC)
) (/usr/local/texlive/2023/texmf-dist/tex/latex/graphics-cfg/graphics.cfg
File: graphics.cfg 2016/06/04 v1.11 sample graphics configuration
)
Package graphics Info: Driver file: pdftex.def on input line 107.
 (/usr/local/texlive/2023/texmf-dist/tex/latex/graphics-def/pdftex.def
File: pdftex.def 2022/09/22 v1.2b Graphics/color driver for pdftex
))
\Gin@req@height=\dimen151
\Gin@req@width=\dimen152
) (/usr/local/texlive/2023/texmf-dist/tex/latex/float/float.sty
Package: float 2001/11/08 v1.3d Float enhancements (AL)
\c@float@type=\count279
\float@exts=\toks21
\float@box=\box54
\@float@everytoks=\toks22
\@floatcapt=\box55
) (/usr/local/texlive/2023/texmf-dist/tex/latex/amsmath/amsmath.sty
Package: amsmath 2022/04/08 v2.17n AMS math features
\@mathmargin=\skip51

For additional information on amsmath, use the `?' option.
(/usr/local/texlive/2023/texmf-dist/tex/latex/amsmath/amstext.sty
Package: amstext 2021/08/26 v2.01 AMS text
 (/usr/local/texlive/2023/texmf-dist/tex/latex/amsmath/amsgen.sty
File: amsgen.sty 1999/11/30 v2.0 generic functions
\@emptytoks=\toks23
\ex@=\dimen153
)) (/usr/local/texlive/2023/texmf-dist/tex/latex/amsmath/amsbsy.sty
Package: amsbsy 1999/11/29 v1.2d Bold Symbols
\pmbraise@=\dimen154
) (/usr/local/texlive/2023/texmf-dist/tex/latex/amsmath/amsopn.sty
Package: amsopn 2022/04/08 v2.04 operator names
)
\inf@bad=\count280
LaTeX Info: Redefining \frac on input line 234.
\uproot@=\count281
\leftroot@=\count282
LaTeX Info: Redefining \overline on input line 399.
LaTeX Info: Redefining \colon on input line 410.
\classnum@=\count283
\DOTSCASE@=\count284
LaTeX Info: Redefining \ldots on input line 496.
LaTeX Info: Redefining \dots on input line 499.
LaTeX Info: Redefining \cdots on input line 620.
\Mathstrutbox@=\box56
\strutbox@=\box57
LaTeX Info: Redefining \big on input line 722.
LaTeX Info: Redefining \Big on input line 723.
LaTeX Info: Redefining \bigg on input line 724.
LaTeX Info: Redefining \Bigg on input line 725.
\big@size=\dimen155
LaTeX Font Info:    Redeclaring font encoding OML on input line 743.
LaTeX Font Info:    Redeclaring font encoding OMS on input line 744.
\macc@depth=\count285
LaTeX Info: Redefining \bmod on input line 905.
LaTeX Info: Redefining \pmod on input line 910.
LaTeX Info: Redefining \smash on input line 940.
LaTeX Info: Redefining \relbar on input line 970.
LaTeX Info: Redefining \Relbar on input line 971.
\c@MaxMatrixCols=\count286
\dotsspace@=\muskip17
\c@parentequation=\count287
\dspbrk@lvl=\count288
\tag@help=\toks24
\row@=\count289
\column@=\count290
\maxfields@=\count291
\andhelp@=\toks25
\eqnshift@=\dimen156
\alignsep@=\dimen157
\tagshift@=\dimen158
\tagwidth@=\dimen159
\totwidth@=\dimen160
\lineht@=\dimen161
\@envbody=\toks26
\multlinegap=\skip52
\multlinetaggap=\skip53
\mathdisplay@stack=\toks27
LaTeX Info: Redefining \[ on input line 2953.
LaTeX Info: Redefining \] on input line 2954.
) (/usr/local/texlive/2023/texmf-dist/tex/latex/preprint/authblk.sty
Package: authblk 2001/02/27 1.3 (PWD)
\affilsep=\skip54
\@affilsep=\skip55
\c@Maxaffil=\count292
\c@authors=\count293
\c@affil=\count294
) (/usr/local/texlive/2023/texmf-dist/tex/generic/babel/babel.sty
Package: babel 2023/02/13 3.86 The Babel package
\babel@savecnt=\count295
\U@D=\dimen162
\l@unhyphenated=\language87
 (/usr/local/texlive/2023/texmf-dist/tex/generic/babel/txtbabel.def)
\bbl@readstream=\read2
\bbl@dirlevel=\count296
 (/usr/local/texlive/2023/texmf-dist/tex/generic/babel-spanish/spanish.ldf
Language: spanish.ldf 2021/05/27 v5.0q Spanish support from the babel system
\es@quottoks=\toks28
\es@quotdepth=\count297
Package babel Info: Making " an active character on input line 570.
Package babel Info: Making . an active character on input line 675.
Package babel Info: Making < an active character on input line 722.
Package babel Info: Making > an active character on input line 722.
)) (/usr/local/texlive/2023/texmf-dist/tex/generic/babel/locale/es/babel-spanish.tex
Package babel Info: Importing font and identification data for spanish
(babel)             from babel-es.ini. Reported on input line 11.
) (/usr/local/texlive/2023/texmf-dist/tex/latex/biblatex/biblatex.sty
Package: biblatex 2023/03/05 v3.19 programmable bibliographies (PK/MW)
 (/usr/local/texlive/2023/texmf-dist/tex/latex/etoolbox/etoolbox.sty
Package: etoolbox 2020/10/05 v2.5k e-TeX tools for LaTeX (JAW)
\etb@tempcnta=\count298
) (/usr/local/texlive/2023/texmf-dist/tex/latex/logreq/logreq.sty
Package: logreq 2010/08/04 v1.0 xml request logger
\lrq@indent=\count299
 (/usr/local/texlive/2023/texmf-dist/tex/latex/logreq/logreq.def
File: logreq.def 2010/08/04 v1.0 logreq spec v1.0
)) (/usr/local/texlive/2023/texmf-dist/tex/latex/base/ifthen.sty
Package: ifthen 2022/04/13 v1.1d Standard LaTeX ifthen package (DPC)
)
\c@tabx@nest=\count300
\c@listtotal=\count301
\c@listcount=\count302
\c@liststart=\count303
\c@liststop=\count304
\c@citecount=\count305
\c@citetotal=\count306
\c@multicitecount=\count307
\c@multicitetotal=\count308
\c@instcount=\count309
\c@maxnames=\count310
\c@minnames=\count311
\c@maxitems=\count312
\c@minitems=\count313
\c@citecounter=\count314
\c@maxcitecounter=\count315
\c@savedcitecounter=\count316
\c@uniquelist=\count317
\c@uniquename=\count318
\c@refsection=\count319
\c@refsegment=\count320
\c@maxextratitle=\count321
\c@maxextratitleyear=\count322
\c@maxextraname=\count323
\c@maxextradate=\count324
\c@maxextraalpha=\count325
\c@abbrvpenalty=\count326
\c@highnamepenalty=\count327
\c@lownamepenalty=\count328
\c@maxparens=\count329
\c@parenlevel=\count330
\blx@tempcnta=\count331
\blx@tempcntb=\count332
\blx@tempcntc=\count333
\c@blx@maxsection=\count334
\blx@maxsegment@0=\count335
\blx@notetype=\count336
\blx@parenlevel@text=\count337
\blx@parenlevel@foot=\count338
\blx@sectionciteorder@0=\count339
\blx@sectionciteorderinternal@0=\count340
\blx@entrysetcounter=\count341
\blx@biblioinstance=\count342
\labelnumberwidth=\skip56
\labelalphawidth=\skip57
\biblabelsep=\skip58
\bibitemsep=\skip59
\bibnamesep=\skip60
\bibinitsep=\skip61
\bibparsep=\skip62
\bibhang=\skip63
\blx@bcfin=\read3
\blx@bcfout=\write3
\blx@langwohyphens=\language88
\c@mincomprange=\count343
\c@maxcomprange=\count344
\c@mincompwidth=\count345
Package biblatex Info: Trying to load biblatex default data model...
Package biblatex Info: ... file 'blx-dm.def' found.
 (/usr/local/texlive/2023/texmf-dist/tex/latex/biblatex/blx-dm.def
File: blx-dm.def 2023/03/05 v3.19 biblatex localization (PK/MW)
)
Package biblatex Info: Trying to load biblatex custom data model...
Package biblatex Info: ... file 'biblatex-dm.cfg' not found.
\c@afterword=\count346
\c@savedafterword=\count347
\c@annotator=\count348
\c@savedannotator=\count349
\c@author=\count350
\c@savedauthor=\count351
\c@bookauthor=\count352
\c@savedbookauthor=\count353
\c@commentator=\count354
\c@savedcommentator=\count355
\c@editor=\count356
\c@savededitor=\count357
\c@editora=\count358
\c@savededitora=\count359
\c@editorb=\count360
\c@savededitorb=\count361
\c@editorc=\count362
\c@savededitorc=\count363
\c@foreword=\count364
\c@savedforeword=\count365
\c@holder=\count366
\c@savedholder=\count367
\c@introduction=\count368
\c@savedintroduction=\count369
\c@namea=\count370
\c@savednamea=\count371
\c@nameb=\count372
\c@savednameb=\count373
\c@namec=\count374
\c@savednamec=\count375
\c@translator=\count376
\c@savedtranslator=\count377
\c@shortauthor=\count378
\c@savedshortauthor=\count379
\c@shorteditor=\count380
\c@savedshorteditor=\count381
\c@labelname=\count382
\c@savedlabelname=\count383
\c@institution=\count384
\c@savedinstitution=\count385
\c@lista=\count386
\c@savedlista=\count387
\c@listb=\count388
\c@savedlistb=\count389
\c@listc=\count390
\c@savedlistc=\count391
\c@listd=\count392
\c@savedlistd=\count393
\c@liste=\count394
\c@savedliste=\count395
\c@listf=\count396
\c@savedlistf=\count397
\c@location=\count398
\c@savedlocation=\count399
\c@organization=\count400
\c@savedorganization=\count401
\c@origlocation=\count402
\c@savedoriglocation=\count403
\c@origpublisher=\count404
\c@savedorigpublisher=\count405
\c@publisher=\count406
\c@savedpublisher=\count407
\c@language=\count408
\c@savedlanguage=\count409
\c@origlanguage=\count410
\c@savedoriglanguage=\count411
\c@pageref=\count412
\c@savedpageref=\count413
\shorthandwidth=\skip64
\shortjournalwidth=\skip65
\shortserieswidth=\skip66
\shorttitlewidth=\skip67
\shortauthorwidth=\skip68
\shorteditorwidth=\skip69
\locallabelnumberwidth=\skip70
\locallabelalphawidth=\skip71
\localshorthandwidth=\skip72
\localshortjournalwidth=\skip73
\localshortserieswidth=\skip74
\localshorttitlewidth=\skip75
\localshortauthorwidth=\skip76
\localshorteditorwidth=\skip77
Package biblatex Info: Trying to load compatibility code...
Package biblatex Info: ... file 'blx-compat.def' found.
 (/usr/local/texlive/2023/texmf-dist/tex/latex/biblatex/blx-compat.def
File: blx-compat.def 2023/03/05 v3.19 biblatex compatibility (PK/MW)
)
Package biblatex Info: Trying to load generic definitions...
Package biblatex Info: ... file 'biblatex.def' found.
 (/usr/local/texlive/2023/texmf-dist/tex/latex/biblatex/biblatex.def
File: biblatex.def 2023/03/05 v3.19 biblatex compatibility (PK/MW)
\c@textcitecount=\count414
\c@textcitetotal=\count415
\c@textcitemaxnames=\count416
\c@biburlbigbreakpenalty=\count417
\c@biburlbreakpenalty=\count418
\c@biburlnumpenalty=\count419
\c@biburlucpenalty=\count420
\c@biburllcpenalty=\count421
\biburlbigskip=\muskip18
\biburlnumskip=\muskip19
\biburlucskip=\muskip20
\biburllcskip=\muskip21
\c@smartand=\count422
)
Package biblatex Info: Trying to load bibliography style 'numeric'...
Package biblatex Info: ... file 'numeric.bbx' found.
 (/usr/local/texlive/2023/texmf-dist/tex/latex/biblatex/bbx/numeric.bbx
File: numeric.bbx 2023/03/05 v3.19 biblatex bibliography style (PK/MW)
Package biblatex Info: Trying to load bibliography style 'standard'...
Package biblatex Info: ... file 'standard.bbx' found.
 (/usr/local/texlive/2023/texmf-dist/tex/latex/biblatex/bbx/standard.bbx
File: standard.bbx 2023/03/05 v3.19 biblatex bibliography style (PK/MW)
\c@bbx:relatedcount=\count423
\c@bbx:relatedtotal=\count424
))
Package biblatex Info: Trying to load citation style 'numeric'...
Package biblatex Info: ... file 'numeric.cbx' found.
 (/usr/local/texlive/2023/texmf-dist/tex/latex/biblatex/cbx/numeric.cbx
File: numeric.cbx 2023/03/05 v3.19 biblatex citation style (PK/MW)
Package biblatex Info: Redefining '\cite'.
Package biblatex Info: Redefining '\parencite'.
Package biblatex Info: Redefining '\footcite'.
Package biblatex Info: Redefining '\footcitetext'.
Package biblatex Info: Redefining '\smartcite'.
Package biblatex Info: Redefining '\supercite'.
Package biblatex Info: Redefining '\textcite'.
Package biblatex Info: Redefining '\textcites'.
Package biblatex Info: Redefining '\cites'.
Package biblatex Info: Redefining '\parencites'.
Package biblatex Info: Redefining '\smartcites'.
)
Package biblatex Info: Trying to load configuration file...
Package biblatex Info: ... file 'biblatex.cfg' found.
 (/usr/local/texlive/2023/texmf-dist/tex/latex/biblatex/biblatex.cfg
File: biblatex.cfg 
)
Package biblatex Info: Input encoding 'utf8' detected.
Package biblatex Info: Document encoding is UTF8 ....
 (/usr/local/texlive/2023/texmf-dist/tex/latex/l3kernel/expl3.sty
Package: expl3 2023-02-22 L3 programming layer (loader) 
 (/usr/local/texlive/2023/texmf-dist/tex/latex/l3backend/l3backend-pdftex.def
File: l3backend-pdftex.def 2023-01-16 L3 backend support: PDF output (pdfTeX)
\l__color_backend_stack_int=\count425
\l__pdf_internal_box=\box58
))
Package biblatex Info: ... and expl3
(biblatex)             2023-02-22 L3 programming layer (loader) 
(biblatex)             is new enough (at least 2020/04/06),
(biblatex)             setting 'casechanger=expl3'.
 (/usr/local/texlive/2023/texmf-dist/tex/latex/biblatex/blx-case-expl3.sty (/usr/local/texlive/2023/texmf-dist/tex/latex/l3packages/xparse/xparse.sty
Package: xparse 2023-02-02 L3 Experimental document command parser
)
Package: blx-case-expl3 2023/03/05 v3.19 expl3 case changing code for biblatex
))

Package biblatex Warning: 'babel/polyglossia' detected but 'csquotes' missing.
(biblatex)                Loading 'csquotes' recommended.

\@quotelevel=\count426
\@quotereset=\count427
(./articulo.aux
LaTeX Info: Redefining \. on input line 23.
LaTeX Info: Redefining \% on input line 23.
)
\openout1 = `articulo.aux'.

LaTeX Font Info:    Checking defaults for OML/cmm/m/it on input line 18.
LaTeX Font Info:    ... okay on input line 18.
LaTeX Font Info:    Checking defaults for OMS/cmsy/m/n on input line 18.
LaTeX Font Info:    ... okay on input line 18.
LaTeX Font Info:    Checking defaults for OT1/cmr/m/n on input line 18.
LaTeX Font Info:    ... okay on input line 18.
LaTeX Font Info:    Checking defaults for T1/cmr/m/n on input line 18.
LaTeX Font Info:    ... okay on input line 18.
LaTeX Font Info:    Checking defaults for TS1/cmr/m/n on input line 18.
LaTeX Font Info:    ... okay on input line 18.
LaTeX Font Info:    Checking defaults for OMX/cmex/m/n on input line 18.
LaTeX Font Info:    ... okay on input line 18.
LaTeX Font Info:    Checking defaults for U/cmr/m/n on input line 18.
LaTeX Font Info:    ... okay on input line 18.
LaTeX Font Info:    Checking defaults for PD1/pdf/m/n on input line 18.
LaTeX Font Info:    ... okay on input line 18.
LaTeX Font Info:    Checking defaults for PU/pdf/m/n on input line 18.
LaTeX Font Info:    ... okay on input line 18.
Package hyperref Info: Link coloring OFF on input line 18.
 (./articulo.out) (./articulo.out)
\@outlinefile=\write4
\openout4 = `articulo.out'.

\c@lstlisting=\count428
 (/usr/local/texlive/2023/texmf-dist/tex/context/base/mkii/supp-pdf.mkii
[Loading MPS to PDF converter (version 2006.09.02).]
\scratchcounter=\count429
\scratchdimen=\dimen163
\scratchbox=\box59
\nofMPsegments=\count430
\nofMParguments=\count431
\everyMPshowfont=\toks29
\MPscratchCnt=\count432
\MPscratchDim=\dimen164
\MPnumerator=\count433
\makeMPintoPDFobject=\count434
\everyMPtoPDFconversion=\toks30
) (/usr/local/texlive/2023/texmf-dist/tex/latex/epstopdf-pkg/epstopdf-base.sty
Package: epstopdf-base 2020-01-24 v2.11 Base part for package epstopdf
Package epstopdf-base Info: Redefining graphics rule for `.eps' on input line 485.
 (/usr/local/texlive/2023/texmf-dist/tex/latex/latexconfig/epstopdf-sys.cfg
File: epstopdf-sys.cfg 2010/07/13 v1.3 Configuration of (r)epstopdf for TeX Live
))
LaTeX Info: Redefining \. on input line 18.
LaTeX Info: Redefining \% on input line 18.
Package biblatex Info: Trying to load language 'spanish'...
Package biblatex Info: ... file 'spanish.lbx' found.
 (/usr/local/texlive/2023/texmf-dist/tex/latex/biblatex/lbx/spanish.lbx
File: spanish.lbx 2023/03/05 v3.19 biblatex localization (PK/MW)
)
Package biblatex Info: Input encoding 'utf8' detected.
Package biblatex Info: Automatic encoding selection.
(biblatex)             Assuming data encoding 'utf8'.
\openout3 = `articulo.bcf'.

Package biblatex Info: Trying to load bibliographic data...
Package biblatex Info: ... file 'articulo.bbl' found.
 (./articulo.bbl)
Package biblatex Info: Reference section=0 on input line 18.
Package biblatex Info: Reference segment=0 on input line 18.

Underfull \hbox (badness 10000) in paragraph at lines 22--24

 []


Underfull \hbox (badness 10000) in paragraph at lines 25--27

 []


Underfull \hbox (badness 10000) in paragraph at lines 28--30

 []


Underfull \hbox (badness 10000) in paragraph at lines 31--33

 []


Underfull \hbox (badness 10000) in paragraph at lines 37--39

 []

[1

{/usr/local/texlive/2023/texmf-var/fonts/map/pdftex/updmap/pdftex.map}]
Underfull \hbox (badness 10000) in paragraph at lines 40--42

 []


Underfull \hbox (badness 10000) in paragraph at lines 46--48

 []


Underfull \hbox (badness 10000) in paragraph at lines 52--54

 []

[2]
<./img/datos.png, id=108, 609.27625pt x 306.14375pt>
File: ./img/datos.png Graphic file (type png)
<use ./img/datos.png>
Package pdftex.def Info: ./img/datos.png  used on input line 88.
(pdftex.def)             Requested size: 345.0pt x 173.35925pt.
 [3]
<./img/Rdatos.png, id=117, 613.29124pt x 279.0425pt>
File: ./img/Rdatos.png Graphic file (type png)
<use ./img/Rdatos.png>
Package pdftex.def Info: ./img/Rdatos.png  used on input line 96.
(pdftex.def)             Requested size: 345.0pt x 156.97379pt.

Underfull \hbox (badness 10000) in paragraph at lines 102--104

 []


Underfull \hbox (badness 10000) in paragraph at lines 105--107

 []

[4
pdfTeX warning (ext4): destination with the same identifier (name{figure.1}) has been already used, duplicate ignored
<argument> ...shipout:D \box_use:N \l_shipout_box 
                                                  \__shipout_drop_firstpage_...
l.107 
      
pdfTeX warning (ext4): destination with the same identifier (name{figure.2}) has been already used, duplicate ignored
<argument> ...shipout:D \box_use:N \l_shipout_box 
                                                  \__shipout_drop_firstpage_...
l.107 
       <./img/datos.png> <./img/Rdatos.png>]
Underfull \hbox (badness 10000) in paragraph at lines 108--110

 []

LaTeX Font Info:    Trying to load font information for OMS+cmr on input line 143.
(/usr/local/texlive/2023/texmf-dist/tex/latex/base/omscmr.fd
File: omscmr.fd 2022/07/10 v2.5l Standard LaTeX font definitions
)
LaTeX Font Info:    Font shape `OMS/cmr/m/n' in size <10> not available
(Font)              Font shape `OMS/cmsy/m/n' tried instead on input line 143.

Overfull \hbox (100.0043pt too wide) in paragraph at lines 144--145
[][][][][][][][][][][][][][][][][][][][][][][][] 
 []


Overfull \hbox (124.00455pt too wide) in paragraph at lines 145--146
[][][][][][][][][][][][][][][][][][][][][][][][] 
 []


Overfull \hbox (100.0043pt too wide) in paragraph at lines 146--147
[][][][][][][][][][][][][][][][][][][][][][][][] 
 []


Overfull \hbox (100.0043pt too wide) in paragraph at lines 147--149
[][][][][][][][][][][][][][][][][][][][][][][][] 
 []

[5{/usr/local/texlive/2023/texmf-dist/fonts/enc/dvips/cm-super/cm-super-ts1.enc}]
Underfull \hbox (badness 10000) in paragraph at lines 184--186

 []

[6] [7]
Underfull \hbox (badness 10000) in paragraph at lines 386--388

 []


Overfull \hbox (63.00415pt too wide) in paragraph at lines 402--403
[][][][][][][][][][][][][][][][][][][][][][][] 
 []


Overfull \hbox (87.0044pt too wide) in paragraph at lines 403--404
[][][][][][][][][][][][][][][][][][][][][][][] 
 []


Overfull \hbox (63.00415pt too wide) in paragraph at lines 404--405
[][][][][][][][][][][][][][][][][][][][][][][] 
 []


Overfull \hbox (63.00415pt too wide) in paragraph at lines 405--407
[][][][][][][][][][][][][][][][][][][][][][][] 
 []

[8]
<./img/regrelin.png, id=194, 489.83pt x 387.4475pt>
File: ./img/regrelin.png Graphic file (type png)
<use ./img/regrelin.png>
Package pdftex.def Info: ./img/regrelin.png  used on input line 465.
(pdftex.def)             Requested size: 276.00105pt x 218.31705pt.
 [9]
Underfull \hbox (badness 10000) in paragraph at lines 472--474

 []

[10
pdfTeX warning (ext4): destination with the same identifier (name{figure.3}) has been already used, duplicate ignored
<argument> ...shipout:D \box_use:N \l_shipout_box 
                                                  \__shipout_drop_firstpage_...
l.492 \subsubsection
                    {Coeficiente de determinacion multiple} <./img/regrelin.png>]
<./img/correlacion.png, id=244, 583.17876pt x 305.14pt>
File: ./img/correlacion.png Graphic file (type png)
<use ./img/correlacion.png>
Package pdftex.def Info: ./img/correlacion.png  used on input line 501.
(pdftex.def)             Requested size: 345.0pt x 180.51991pt.

Underfull \hbox (badness 10000) in paragraph at lines 506--508

 []


Underfull \hbox (badness 10000) in paragraph at lines 509--511

 []

[11
pdfTeX warning (ext4): destination with the same identifier (name{figure.4}) has been already used, duplicate ignored
<argument> ...shipout:D \box_use:N \l_shipout_box 
                                                  \__shipout_drop_firstpage_...
l.511 
       <./img/correlacion.png>]
Underfull \hbox (badness 10000) in paragraph at lines 512--514

 []


Underfull \hbox (badness 10000) in paragraph at lines 515--517

 []


Overfull \hbox (168.93327pt too wide) in paragraph at lines 522--524
\OT1/cmr/m/n/10 dad In-te-lec-tual. (n.d.). Re-trie-ved Ju-ne 18, 2023, from https://revistas.indecopi.gob.pe/index.php/rcpi/article/view/143 
 []


Underfull \hbox (badness 10000) in paragraph at lines 522--524

 []


Overfull \hbox (27.28519pt too wide) in paragraph at lines 525--527
\OT1/cmr/m/n/10 Elec-tro Puno S. A. A. pe-rio-dos 2014 - 2015. Uancv Http://Repositorio.Uancv.Edu.Pe/.
 []


Underfull \hbox (badness 10000) in paragraph at lines 525--527

 []


Overfull \hbox (86.72983pt too wide) in paragraph at lines 528--531
\OT1/cmr/m/n/10 2014-2015. Re-po-si-to-rio Ins-ti-tu-cio-nal - UNAP. https://renati.sunedu.gob.pe/handle/sunedu/3221488
 []


Underfull \hbox (badness 10000) in paragraph at lines 528--531

 []


Underfull \hbox (badness 10000) in paragraph at lines 532--534

 []


Underfull \hbox (badness 10000) in paragraph at lines 535--537

 []

[12] (./articulo.aux
LaTeX Info: Redefining \sptext on input line 23.
LaTeX Info: Redefining \. on input line 23.
LaTeX Info: Redefining \% on input line 23.
)
Package rerunfilecheck Info: File `articulo.out' has not changed.
(rerunfilecheck)             Checksum: 51950C4CB950956D73517B81A3A0E9FB;3942.
Package logreq Info: Writing requests to 'articulo.run.xml'.
\openout1 = `articulo.run.xml'.

 ) 
Here is how much of TeX's memory you used:
 19598 strings out of 476025
 336472 string characters out of 5790017
 1889388 words of memory out of 5000000
 39731 multiletter control sequences out of 15000+600000
 515240 words of font info for 42 fonts, out of 8000000 for 9000
 1141 hyphenation exceptions out of 8191
 75i,14n,76p,713b,1800s stack positions out of 10000i,1000n,20000p,200000b,200000s
</usr/local/texlive/2023/texmf-dist/fonts/type1/public/amsfonts/cm/cmbx10.pfb></usr/local/texlive/2023/texmf-dist/fonts/type1/public/amsfonts/cm/cmbx12.pfb></usr/local/texlive/2023/texmf-dist/fonts/type1/public/amsfonts/cm/cmex10.pfb></usr/local/texlive/2023/texmf-dist/fonts/type1/public/amsfonts/cm/cmmi10.pfb></usr/local/texlive/2023/texmf-dist/fonts/type1/public/amsfonts/cm/cmmi7.pfb></usr/local/texlive/2023/texmf-dist/fonts/type1/public/amsfonts/cm/cmr10.pfb></usr/local/texlive/2023/texmf-dist/fonts/type1/public/amsfonts/cm/cmr12.pfb></usr/local/texlive/2023/texmf-dist/fonts/type1/public/amsfonts/cm/cmr17.pfb></usr/local/texlive/2023/texmf-dist/fonts/type1/public/amsfonts/cm/cmr5.pfb></usr/local/texlive/2023/texmf-dist/fonts/type1/public/amsfonts/cm/cmr7.pfb></usr/local/texlive/2023/texmf-dist/fonts/type1/public/amsfonts/cm/cmsy10.pfb></usr/local/texlive/2023/texmf-dist/fonts/type1/public/amsfonts/cm/cmti12.pfb></usr/local/texlive/2023/texmf-dist/fonts/type1/public/cm-super/sfrm1000.pfb>
Output written on articulo.pdf (12 pages, 1135637 bytes).
PDF statistics:
 340 PDF objects out of 1000 (max. 8388607)
 289 compressed objects within 3 object streams
 124 named destinations out of 1000 (max. 500000)
 197 words of extra memory for PDF output out of 10000 (max. 10000000)

