\BOOKMARK [1][-]{section.1}{\376\377\000R\000e\000s\000u\000m\000e\000n}{}% 1
\BOOKMARK [1][-]{section.2}{\376\377\000I\000n\000t\000r\000o\000d\000u\000c\000c\000i\000o\000n}{}% 2
\BOOKMARK [1][-]{section.3}{\376\377\000M\000a\000r\000c\000o\000\040\000T\000e\000o\000r\000i\000c\000o}{}% 3
\BOOKMARK [2][-]{subsection.3.1}{\376\377\000E\000l\000e\000c\000t\000r\000o\000\040\000p\000u\000n\000o}{section.3}% 4
\BOOKMARK [2][-]{subsection.3.2}{\376\377\000R\000e\000g\000r\000e\000s\000i\000o\000n\000\040\000l\000i\000n\000e\000a\000l\000\040\000s\000i\000m\000p\000l\000e}{section.3}% 5
\BOOKMARK [2][-]{subsection.3.3}{\376\377\000R\000e\000g\000r\000e\000s\000i\000o\000n\000\040\000l\000i\000n\000e\000a\000l\000\040\000m\000u\000l\000t\000i\000p\000l\000e}{section.3}% 6
\BOOKMARK [1][-]{section.4}{\376\377\000M\000e\000t\000o\000d\000o\000l\000o\000g\000i\000a}{}% 7
\BOOKMARK [2][-]{subsection.4.1}{\376\377\000R\000e\000g\000r\000e\000s\000i\000o\000n\000\040\000l\000i\000n\000e\000a\000l\000\040\000s\000i\000m\000p\000l\000e}{section.4}% 8
\BOOKMARK [3][-]{subsubsection.4.1.1}{\376\377\000U\000s\000a\000n\000d\000o\000\040\000P\000y\000t\000h\000o\000n}{subsection.4.1}% 9
\BOOKMARK [2][-]{subsection.4.2}{\376\377\000R\000e\000g\000r\000e\000s\000i\000o\000n\000\040\000L\000i\000n\000e\000a\000l\000\040\000M\000u\000l\000t\000i\000p\000l\000e}{section.4}% 10
\BOOKMARK [3][-]{subsubsection.4.2.1}{\376\377\000E\000r\000r\000o\000r\000\040\000e\000s\000t\000a\000n\000d\000a\000r\000\040\000d\000e\000\040\000l\000a\000\040\000e\000s\000t\000i\000m\000a\000c\000i\000o\000n\000\040\000m\000u\000l\000t\000i\000p\000l\000e}{subsection.4.2}% 11
\BOOKMARK [3][-]{subsubsection.4.2.2}{\376\377\000C\000o\000e\000f\000i\000c\000i\000e\000n\000t\000e\000\040\000d\000e\000\040\000d\000e\000t\000e\000r\000m\000i\000n\000a\000c\000i\000o\000n\000\040\000m\000u\000l\000t\000i\000p\000l\000e\000\040}{subsection.4.2}% 12
\BOOKMARK [3][-]{subsubsection.4.2.3}{\376\377\000C\000o\000e\000f\000i\000c\000i\000e\000n\000t\000e\000\040\000a\000j\000u\000s\000t\000a\000d\000o\000\040\000d\000e\000\040\000d\000e\000t\000e\000r\000m\000i\000n\000a\000c\000i\000o\000n\000\040\000m\000u\000l\000t\000i\000p\000l\000e}{subsection.4.2}% 13
\BOOKMARK [1][-]{section.5}{\376\377\000R\000e\000s\000u\000l\000t\000a\000d\000o\000s}{}% 14
\BOOKMARK [2][-]{subsection.5.1}{\376\377\000R\000e\000g\000r\000e\000s\000i\000o\000n\000\040\000l\000i\000n\000e\000a\000l}{section.5}% 15
\BOOKMARK [2][-]{subsection.5.2}{\376\377\000R\000e\000g\000r\000e\000s\000i\000o\000n\000\040\000M\000u\000l\000t\000i\000p\000l\000e}{section.5}% 16
\BOOKMARK [3][-]{subsubsection.5.2.1}{\376\377\000E\000r\000r\000o\000r\000\040\000e\000s\000t\000a\000n\000d\000a\000r\000\040\000d\000e\000\040\000l\000a\000\040\000d\000e\000t\000e\000r\000m\000i\000n\000a\000c\000i\000o\000n\000\040\000m\000u\000l\000t\000i\000p\000l\000e}{subsection.5.2}% 17
\BOOKMARK [3][-]{subsubsection.5.2.2}{\376\377\000C\000o\000e\000f\000i\000c\000i\000e\000n\000t\000e\000\040\000d\000e\000\040\000d\000e\000t\000e\000r\000m\000i\000n\000a\000c\000i\000o\000n\000\040\000m\000u\000l\000t\000i\000p\000l\000e}{subsection.5.2}% 18
\BOOKMARK [3][-]{subsubsection.5.2.3}{\376\377\000C\000o\000e\000f\000i\000c\000i\000e\000n\000t\000e\000\040\000a\000j\000u\000s\000t\000a\000\040\000d\000e\000\040\000d\000e\000t\000e\000r\000m\000i\000n\000a\000c\000i\000o\000n\000\040\000m\000u\000l\000t\000i\000p\000l\000e}{subsection.5.2}% 19
\BOOKMARK [3][-]{subsubsection.5.2.4}{\376\377\000C\000o\000e\000f\000i\000c\000i\000e\000n\000t\000e\000\040\000d\000e\000\040\000c\000o\000r\000r\000e\000l\000a\000c\000i\000o\000n\000\040\000m\000u\000l\000t\000i\000p\000l\000e}{subsection.5.2}% 20
\BOOKMARK [1][-]{section.6}{\376\377\000C\000o\000n\000c\000l\000u\000s\000i\000o\000n\000e\000s}{}% 21
\BOOKMARK [1][-]{section.7}{\376\377\000R\000e\000f\000e\000r\000e\000n\000c\000i\000a\000s}{}% 22
